[debug] [2022-05-02T19:15:52.892Z] ----------------------------------------------------------------------
[debug] [2022-05-02T19:15:52.894Z] Command:       C:\Program Files\nodejs\node.exe C:\Users\jonah\AppData\Roaming\npm\node_modules\firebase-tools\lib\bin\firebase.js login
[debug] [2022-05-02T19:15:52.894Z] CLI Version:   10.7.2
[debug] [2022-05-02T19:15:52.894Z] Platform:      win32
[debug] [2022-05-02T19:15:52.895Z] Node Version:  v16.14.0
[debug] [2022-05-02T19:15:52.896Z] Time:          Mon May 02 2022 21:15:52 GMT+0200 (Mitteleuropäische Sommerzeit)
[debug] [2022-05-02T19:15:52.897Z] ----------------------------------------------------------------------
[debug] 
[debug] [2022-05-02T19:15:52.899Z] >>> [apiv2][query] GET https://firebase-public.firebaseio.com/cli.json [none]
[info] i  Firebase optionally collects CLI usage and error reporting information to help improve our products. Data is collected in accordance with Google's privacy policy (https://policies.google.com/privacy) and is not used to identify you.
 
[debug] [2022-05-02T19:15:53.329Z] <<< [apiv2][status] GET https://firebase-public.firebaseio.com/cli.json 200
[debug] [2022-05-02T19:15:53.329Z] <<< [apiv2][body] GET https://firebase-public.firebaseio.com/cli.json {"cloudBuildErrorAfter":1594252800000,"cloudBuildWarnAfter":1590019200000,"defaultNode10After":1594252800000,"minVersion":"3.0.5","node8DeploysDisabledAfter":1613390400000,"node8RuntimeDisabledAfter":1615809600000,"node8WarnAfter":1600128000000}
[info] i  To change your data collection preference at any time, run `firebase logout` and log in again. 
[info] 
[info] Visit this URL on this device to log in:
[info] https://accounts.google.com/o/oauth2/auth?client_id=563584335869-fgrhgmd47bqnekij5i8b5pr03ho849e6.apps.googleusercontent.com&scope=email%20openid%20https%3A%2F%2Fwww.googleapis.com%2Fauth%2Fcloudplatformprojects.readonly%20https%3A%2F%2Fwww.googleapis.com%2Fauth%2Ffirebase%20https%3A%2F%2Fwww.googleapis.com%2Fauth%2Fcloud-platform&response_type=code&state=266349545&redirect_uri=http%3A%2F%2Flocalhost%3A9005
[info] 
[info] Waiting for authentication...
[debug] [2022-05-02T19:16:42.717Z] ----------------------------------------------------------------------
[debug] [2022-05-02T19:16:42.718Z] Command:       C:\Program Files\nodejs\node.exe C:\Users\jonah\AppData\Roaming\npm\node_modules\firebase-tools\lib\bin\firebase.js login
[debug] [2022-05-02T19:16:42.719Z] CLI Version:   10.7.2
[debug] [2022-05-02T19:16:42.719Z] Platform:      win32
[debug] [2022-05-02T19:16:42.719Z] Node Version:  v16.14.0
[debug] [2022-05-02T19:16:42.720Z] Time:          Mon May 02 2022 21:16:42 GMT+0200 (Mitteleuropäische Sommerzeit)
[debug] [2022-05-02T19:16:42.720Z] ----------------------------------------------------------------------
[debug] 
[info] i  Firebase optionally collects CLI usage and error reporting information to help improve our products. Data is collected in accordance with Google's privacy policy (https://policies.google.com/privacy) and is not used to identify you.
 
[info] i  To change your data collection preference at any time, run `firebase logout` and log in again. 
[info] 
[info] Visit this URL on this device to log in:
[info] https://accounts.google.com/o/oauth2/auth?client_id=563584335869-fgrhgmd47bqnekij5i8b5pr03ho849e6.apps.googleusercontent.com&scope=email%20openid%20https%3A%2F%2Fwww.googleapis.com%2Fauth%2Fcloudplatformprojects.readonly%20https%3A%2F%2Fwww.googleapis.com%2Fauth%2Ffirebase%20https%3A%2F%2Fwww.googleapis.com%2Fauth%2Fcloud-platform&response_type=code&state=999629868&redirect_uri=http%3A%2F%2Flocalhost%3A9005
[info] 
[info] Waiting for authentication...
